[INFO] [launch]: All log files can be found below /home/cao/.ros/log/2026-01-26-12-46-36-817637-mvt-conda-52960
[INFO] [launch]: Default logging verbosity is set to INFO
[INFO] [ik_benchmark-1]: process started with pid [52963]
[ik_benchmark-1] [INFO] [1769402797.208890082] [moveit_4001978337.moveit.py.cpp_initializer]: Initialize rclcpp
[ik_benchmark-1] [INFO] [1769402797.208950649] [moveit_4001978337.moveit.py.cpp_initializer]: Initialize node parameters
[ik_benchmark-1] [INFO] [1769402797.208964845] [moveit_4001978337.moveit.py.cpp_initializer]: Initialize node and executor
[ik_benchmark-1] [INFO] [1769402797.214955769] [moveit_4001978337.moveit.py.cpp_initializer]: Spin separate thread
[ik_benchmark-1] [INFO] [1769402797.218063633] [moveit_4001978337.moveit.ros.rdf_loader]: Loaded robot model in 0.00298609 seconds
[ik_benchmark-1] [INFO] [1769402797.218117278] [moveit_4001978337.moveit.core.robot_model]: Loading robot model 'panda'...
[ik_benchmark-1] [INFO] [1769402797.228217252] [moveit_4001978337.moveit.kinematics.kdl_kinematics_plugin]: Joint weights for group 'panda_arm': 1 1 1 1 1 1 1
[ik_benchmark-1] [INFO] [1769402797.249730775] [moveit_4001978337.moveit.ros.planning_scene_monitor]: Publishing maintained planning scene on 'monitored_planning_scene'
[ik_benchmark-1] [INFO] [1769402797.249841198] [moveit_4001978337.moveit.ros.moveit_cpp]: Listening to 'joint_states' for joint states
[ik_benchmark-1] [INFO] [1769402797.250998398] [moveit_4001978337.moveit.ros.current_state_monitor]: Listening to joint states on topic 'joint_states'
[ik_benchmark-1] [INFO] [1769402797.251331236] [moveit_4001978337.moveit.ros.planning_scene_monitor]: Listening to '/attached_collision_object' for attached collision objects
[ik_benchmark-1] [INFO] [1769402797.251347249] [moveit_4001978337.moveit.ros.planning_scene_monitor]: Stopping existing planning scene publisher.
[ik_benchmark-1] [INFO] [1769402797.251473175] [moveit_4001978337.moveit.ros.planning_scene_monitor]: Stopped publishing maintained planning scene.
[ik_benchmark-1] [INFO] [1769402797.251877864] [moveit_4001978337.moveit.ros.planning_scene_monitor]: Publishing maintained planning scene on 'monitored_planning_scene'
[ik_benchmark-1] [INFO] [1769402797.251927916] [moveit_4001978337.moveit.ros.planning_scene_monitor]: Starting planning scene monitor
[ik_benchmark-1] [INFO] [1769402797.252174751] [moveit_4001978337.moveit.ros.planning_scene_monitor]: Listening to '/planning_scene'
[ik_benchmark-1] [INFO] [1769402797.252185764] [moveit_4001978337.moveit.ros.planning_scene_monitor]: Starting world geometry update monitor for collision objects, attached objects, octomap updates.
[ik_benchmark-1] [INFO] [1769402797.252804909] [moveit_4001978337.moveit.ros.planning_scene_monitor]: Listening to 'collision_object'
[ik_benchmark-1] [INFO] [1769402797.253093550] [moveit_4001978337.moveit.ros.planning_scene_monitor]: Listening to 'planning_scene_world' for planning scene world geometry
[ik_benchmark-1] [WARN] [1769402797.253974735] [moveit_4001978337.moveit.ros.occupancy_map_monitor]: Resolution not specified for Octomap. Assuming resolution = 0.1 instead
[ik_benchmark-1] [ERROR] [1769402797.254014629] [moveit_4001978337.moveit.ros.occupancy_map_monitor]: No 3D sensor plugin(s) defined for octomap updates
[ik_benchmark-1] [INFO] [1769402797.265359940] [moveit_4001978337.moveit.ros.planning_pipeline]: Successfully loaded planner 'OMPL'
[ik_benchmark-1] [INFO] [1769402797.267736011] [panda_ik_benchmark]: Try loading adapter 'default_planning_request_adapters/ResolveConstraintFrames'
[ik_benchmark-1] [INFO] [1769402797.268597580] [panda_ik_benchmark]: Loaded adapter 'default_planning_request_adapters/ResolveConstraintFrames'
[ik_benchmark-1] [INFO] [1769402797.268625178] [panda_ik_benchmark]: Try loading adapter 'default_planning_request_adapters/ValidateWorkspaceBounds'
[ik_benchmark-1] [INFO] [1769402797.268841840] [panda_ik_benchmark]: Loaded adapter 'default_planning_request_adapters/ValidateWorkspaceBounds'
[ik_benchmark-1] [INFO] [1769402797.268854726] [panda_ik_benchmark]: Try loading adapter 'default_planning_request_adapters/CheckStartStateBounds'
[ik_benchmark-1] [INFO] [1769402797.268875511] [panda_ik_benchmark]: Loaded adapter 'default_planning_request_adapters/CheckStartStateBounds'
[ik_benchmark-1] [INFO] [1769402797.268880120] [panda_ik_benchmark]: Try loading adapter 'default_planning_request_adapters/CheckStartStateCollision'
[ik_benchmark-1] [INFO] [1769402797.268889503] [panda_ik_benchmark]: Loaded adapter 'default_planning_request_adapters/CheckStartStateCollision'
[ik_benchmark-1] [INFO] [1769402797.271169200] [panda_ik_benchmark]: Try loading adapter 'default_planning_response_adapters/AddTimeOptimalParameterization'
[ik_benchmark-1] [INFO] [1769402797.272746539] [panda_ik_benchmark]: Loaded adapter 'default_planning_response_adapters/AddTimeOptimalParameterization'
[ik_benchmark-1] [INFO] [1769402797.272770247] [panda_ik_benchmark]: Try loading adapter 'default_planning_response_adapters/ValidateSolution'
[ik_benchmark-1] [INFO] [1769402797.274345667] [panda_ik_benchmark]: Loaded adapter 'default_planning_response_adapters/ValidateSolution'
[ik_benchmark-1] [INFO] [1769402797.274371809] [panda_ik_benchmark]: Try loading adapter 'default_planning_response_adapters/DisplayMotionPath'
[ik_benchmark-1] [INFO] [1769402797.274737562] [panda_ik_benchmark]: Loaded adapter 'default_planning_response_adapters/DisplayMotionPath'
[ik_benchmark-1] [INFO] [1769402797.306353076] [moveit_4001978337.moveit.plugins.simple_controller_manager]: Added FollowJointTrajectory controller for panda_arm_controller
[ik_benchmark-1] [INFO] [1769402797.306531046] [moveit_4001978337.moveit.plugins.simple_controller_manager]: Returned 1 controllers in list
[ik_benchmark-1] [INFO] [1769402797.306556371] [moveit_4001978337.moveit.plugins.simple_controller_manager]: Returned 1 controllers in list
[ik_benchmark-1] [INFO] [1769402797.306928915] [moveit_4001978337.moveit.ros.trajectory_execution_manager]: Trajectory execution is managing controllers
[ik_benchmark-1] [INFO] [1769403734.028749693] [moveit_4001978337.moveit.ros.moveit_cpp]: Deleting MoveItCpp
[ik_benchmark-1] [INFO] [1769403734.033048855] [moveit_4001978337.moveit.ros.planning_scene_monitor]: Stopped publishing maintained planning scene.
[ik_benchmark-1] [INFO] [1769403734.033583154] [moveit_4001978337.moveit.ros.planning_scene_monitor]: Stopping world geometry monitor
[ik_benchmark-1] [INFO] [1769403734.033797056] [moveit_4001978337.moveit.ros.planning_scene_monitor]: Stopping planning scene monitor
[ik_benchmark-1] Warning: class_loader.ClassLoader: SEVERE WARNING!!! Attempting to unload library while objects created by this loader exist in the heap! You should delete your objects before attempting to unload the library or destroying the ClassLoader. The library will NOT be unloaded.
[ik_benchmark-1]          at line 127 in ./src/class_loader.cpp
[ik_benchmark-1] [run] timestamp = 20260126_124637
[ik_benchmark-1] [run] data dir   = data/batch_data/np30/ns50/seed7/20260126_124637
[ik_benchmark-1] 
[ik_benchmark-1] [select] searching a solvable target for p1 ...
[ik_benchmark-1] [select] p1: (0.355, 0.056, 0.260) found 50/50 (trials_used=1) -> p1.json
[ik_benchmark-1] 
[ik_benchmark-1] [select] searching a solvable target for p2 ...
[ik_benchmark-1] [select] p2: (-0.003, 0.087, 0.482) found 50/50 (trials_used=1) -> p2.json
[ik_benchmark-1] 
[ik_benchmark-1] [select] searching a solvable target for p3 ...
[ik_benchmark-1] [select] p3: (0.304, 0.322, 0.557) found 50/50 (trials_used=1) -> p3.json
[ik_benchmark-1] 
[ik_benchmark-1] [select] searching a solvable target for p4 ...
[ik_benchmark-1] [select] p4: (-0.070, 0.030, 0.552) found 50/50 (trials_used=1) -> p4.json
[ik_benchmark-1] 
[ik_benchmark-1] [select] searching a solvable target for p5 ...
[ik_benchmark-1] [select] p5: (0.197, -0.204, 0.326) found 50/50 (trials_used=1) -> p5.json
[ik_benchmark-1] 
[ik_benchmark-1] [select] searching a solvable target for p6 ...
[ik_benchmark-1] [select] p6: (-0.177, -0.104, 0.578) found 50/50 (trials_used=1) -> p6.json
[ik_benchmark-1] 
[ik_benchmark-1] [select] searching a solvable target for p7 ...
[ik_benchmark-1] [select] p7: (0.067, -0.458, 0.783) found 50/50 (trials_used=1) -> p7.json
[ik_benchmark-1] 
[ik_benchmark-1] [select] searching a solvable target for p8 ...
[ik_benchmark-1] [select] p8: (0.252, 0.288, 0.776) found 50/50 (trials_used=1) -> p8.json
[ik_benchmark-1] 
[ik_benchmark-1] [select] searching a solvable target for p9 ...
[ik_benchmark-1] [select] p9: (-0.524, 0.299, 0.648) found 50/50 (trials_used=1) -> p9.json
[ik_benchmark-1] 
[ik_benchmark-1] [select] searching a solvable target for p10 ...
[ik_benchmark-1] [select] p10: (0.447, 0.074, 0.099) found 50/50 (trials_used=1) -> p10.json
[ik_benchmark-1] 
[ik_benchmark-1] [select] searching a solvable target for p11 ...
[ik_benchmark-1] [select] p11: (0.141, 0.321, 0.081) found 50/50 (trials_used=2) -> p11.json
[ik_benchmark-1] 
[ik_benchmark-1] [select] searching a solvable target for p12 ...
[ik_benchmark-1] [select] p12: (-0.112, -0.211, 0.301) found 50/50 (trials_used=2) -> p12.json
[ik_benchmark-1] 
[ik_benchmark-1] [select] searching a solvable target for p13 ...
[ik_benchmark-1] [select] p13: (-0.397, 0.220, 0.840) found 50/50 (trials_used=1) -> p13.json
[ik_benchmark-1] 
[ik_benchmark-1] [select] searching a solvable target for p14 ...
[ik_benchmark-1] [select] p14: (0.037, -0.507, 0.141) found 50/50 (trials_used=1) -> p14.json
[ik_benchmark-1] 
[ik_benchmark-1] [select] searching a solvable target for p15 ...
[ik_benchmark-1] [select] p15: (0.088, -0.206, 0.214) found 50/50 (trials_used=1) -> p15.json
[ik_benchmark-1] 
[ik_benchmark-1] [select] searching a solvable target for p16 ...
[ik_benchmark-1] [select] p16: (0.082, 0.149, 0.661) found 50/50 (trials_used=1) -> p16.json
[ik_benchmark-1] 
[ik_benchmark-1] [select] searching a solvable target for p17 ...
[ik_benchmark-1] [select] p17: (0.564, 0.249, 0.661) found 50/50 (trials_used=1) -> p17.json
[ik_benchmark-1] 
[ik_benchmark-1] [select] searching a solvable target for p18 ...
[ik_benchmark-1] [select] p18: (-0.045, -0.352, 0.208) found 50/50 (trials_used=1) -> p18.json
[ik_benchmark-1] 
[ik_benchmark-1] [select] searching a solvable target for p19 ...
[ik_benchmark-1] [select] p19: (-0.081, 0.400, 0.587) found 50/50 (trials_used=1) -> p19.json
[ik_benchmark-1] 
[ik_benchmark-1] [select] searching a solvable target for p20 ...
[ik_benchmark-1] [select] p20: (-0.259, 0.541, 0.433) found 50/50 (trials_used=2) -> p20.json
[ik_benchmark-1] 
[ik_benchmark-1] [select] searching a solvable target for p21 ...
[ik_benchmark-1] [select] p21: (-0.317, -0.291, 0.311) found 50/50 (trials_used=3) -> p21.json
[ik_benchmark-1] 
[ik_benchmark-1] [select] searching a solvable target for p22 ...
[ik_benchmark-1] [select] p22: (-0.341, -0.368, 0.762) found 50/50 (trials_used=1) -> p22.json
[ik_benchmark-1] 
[ik_benchmark-1] [select] searching a solvable target for p23 ...
[ik_benchmark-1] [select] p23: (-0.044, 0.367, 0.704) found 50/50 (trials_used=1) -> p23.json
[ik_benchmark-1] 
[ik_benchmark-1] [select] searching a solvable target for p24 ...
[ik_benchmark-1] [select] p24: (-0.269, -0.175, 0.312) found 50/50 (trials_used=2) -> p24.json
[ik_benchmark-1] 
[ik_benchmark-1] [select] searching a solvable target for p25 ...
[ik_benchmark-1] [select] p25: (0.473, -0.041, 0.124) found 50/50 (trials_used=1) -> p25.json
[ik_benchmark-1] 
[ik_benchmark-1] [select] searching a solvable target for p26 ...
[ik_benchmark-1] [select] p26: (-0.131, 0.197, 0.710) found 50/50 (trials_used=1) -> p26.json
[ik_benchmark-1] 
[ik_benchmark-1] [select] searching a solvable target for p27 ...
[ik_benchmark-1] [select] p27: (0.259, 0.155, 0.731) found 50/50 (trials_used=1) -> p27.json
[ik_benchmark-1] 
[ik_benchmark-1] [select] searching a solvable target for p28 ...
[ik_benchmark-1] [select] p28: (0.012, -0.260, 0.361) found 50/50 (trials_used=1) -> p28.json
[ik_benchmark-1] 
[ik_benchmark-1] [select] searching a solvable target for p29 ...
[ik_benchmark-1] [select] p29: (-0.507, 0.343, 0.288) found 50/50 (trials_used=2) -> p29.json
[ik_benchmark-1] 
[ik_benchmark-1] [select] searching a solvable target for p30 ...
[ik_benchmark-1] [select] p30: (-0.190, -0.383, 0.147) found 50/50 (trials_used=1) -> p30.json
[ik_benchmark-1] 
[ik_benchmark-1] [search] greedy (local) ...
[ik_benchmark-1] 
[ik_benchmark-1] [search] global DP prefix-optimal (enumeration-equivalent) ...
[ik_benchmark-1] [search] summary -> summary.json
[ik_benchmark-1] 
[ik_benchmark-1] [done] bye.
[INFO] [ik_benchmark-1]: process has finished cleanly [pid 52963]
