[INFO] [launch]: All log files can be found below /home/cao/.ros/log/2026-01-25-02-14-33-234222-mvt-conda-36330
[INFO] [launch]: Default logging verbosity is set to INFO
[INFO] [ik_benchmark-1]: process started with pid [36333]
[ik_benchmark-1] [INFO] [1769278473.631160429] [moveit_1326854911.moveit.py.cpp_initializer]: Initialize rclcpp
[ik_benchmark-1] [INFO] [1769278473.631229941] [moveit_1326854911.moveit.py.cpp_initializer]: Initialize node parameters
[ik_benchmark-1] [INFO] [1769278473.631242359] [moveit_1326854911.moveit.py.cpp_initializer]: Initialize node and executor
[ik_benchmark-1] [INFO] [1769278473.637472983] [moveit_1326854911.moveit.py.cpp_initializer]: Spin separate thread
[ik_benchmark-1] [INFO] [1769278473.640612730] [moveit_1326854911.moveit.ros.rdf_loader]: Loaded robot model in 0.00302961 seconds
[ik_benchmark-1] [INFO] [1769278473.640668622] [moveit_1326854911.moveit.core.robot_model]: Loading robot model 'panda'...
[ik_benchmark-1] [INFO] [1769278473.650702998] [moveit_1326854911.moveit.kinematics.kdl_kinematics_plugin]: Joint weights for group 'panda_arm': 1 1 1 1 1 1 1
[ik_benchmark-1] [INFO] [1769278473.672414497] [moveit_1326854911.moveit.ros.planning_scene_monitor]: Publishing maintained planning scene on 'monitored_planning_scene'
[ik_benchmark-1] [INFO] [1769278473.672522950] [moveit_1326854911.moveit.ros.moveit_cpp]: Listening to 'joint_states' for joint states
[ik_benchmark-1] [INFO] [1769278473.673746346] [moveit_1326854911.moveit.ros.current_state_monitor]: Listening to joint states on topic 'joint_states'
[ik_benchmark-1] [INFO] [1769278473.674058502] [moveit_1326854911.moveit.ros.planning_scene_monitor]: Listening to '/attached_collision_object' for attached collision objects
[ik_benchmark-1] [INFO] [1769278473.674075651] [moveit_1326854911.moveit.ros.planning_scene_monitor]: Stopping existing planning scene publisher.
[ik_benchmark-1] [INFO] [1769278473.674204898] [moveit_1326854911.moveit.ros.planning_scene_monitor]: Stopped publishing maintained planning scene.
[ik_benchmark-1] [INFO] [1769278473.674504098] [moveit_1326854911.moveit.ros.planning_scene_monitor]: Publishing maintained planning scene on 'monitored_planning_scene'
[ik_benchmark-1] [INFO] [1769278473.674556279] [moveit_1326854911.moveit.ros.planning_scene_monitor]: Starting planning scene monitor
[ik_benchmark-1] [INFO] [1769278473.674921636] [moveit_1326854911.moveit.ros.planning_scene_monitor]: Listening to '/planning_scene'
[ik_benchmark-1] [INFO] [1769278473.674934020] [moveit_1326854911.moveit.ros.planning_scene_monitor]: Starting world geometry update monitor for collision objects, attached objects, octomap updates.
[ik_benchmark-1] [INFO] [1769278473.675145216] [moveit_1326854911.moveit.ros.planning_scene_monitor]: Listening to 'collision_object'
[ik_benchmark-1] [INFO] [1769278473.675437413] [moveit_1326854911.moveit.ros.planning_scene_monitor]: Listening to 'planning_scene_world' for planning scene world geometry
[ik_benchmark-1] [WARN] [1769278473.676198475] [moveit_1326854911.moveit.ros.occupancy_map_monitor]: Resolution not specified for Octomap. Assuming resolution = 0.1 instead
[ik_benchmark-1] [ERROR] [1769278473.676241127] [moveit_1326854911.moveit.ros.occupancy_map_monitor]: No 3D sensor plugin(s) defined for octomap updates
[ik_benchmark-1] [INFO] [1769278473.687613867] [moveit_1326854911.moveit.ros.planning_pipeline]: Successfully loaded planner 'OMPL'
[ik_benchmark-1] [INFO] [1769278473.690048610] [panda_ik_benchmark]: Try loading adapter 'default_planning_request_adapters/ResolveConstraintFrames'
[ik_benchmark-1] [INFO] [1769278473.690952400] [panda_ik_benchmark]: Loaded adapter 'default_planning_request_adapters/ResolveConstraintFrames'
[ik_benchmark-1] [INFO] [1769278473.690980190] [panda_ik_benchmark]: Try loading adapter 'default_planning_request_adapters/ValidateWorkspaceBounds'
[ik_benchmark-1] [INFO] [1769278473.691155578] [panda_ik_benchmark]: Loaded adapter 'default_planning_request_adapters/ValidateWorkspaceBounds'
[ik_benchmark-1] [INFO] [1769278473.691166571] [panda_ik_benchmark]: Try loading adapter 'default_planning_request_adapters/CheckStartStateBounds'
[ik_benchmark-1] [INFO] [1769278473.691187423] [panda_ik_benchmark]: Loaded adapter 'default_planning_request_adapters/CheckStartStateBounds'
[ik_benchmark-1] [INFO] [1769278473.691192223] [panda_ik_benchmark]: Try loading adapter 'default_planning_request_adapters/CheckStartStateCollision'
[ik_benchmark-1] [INFO] [1769278473.691201316] [panda_ik_benchmark]: Loaded adapter 'default_planning_request_adapters/CheckStartStateCollision'
[ik_benchmark-1] [INFO] [1769278473.693569757] [panda_ik_benchmark]: Try loading adapter 'default_planning_response_adapters/AddTimeOptimalParameterization'
[ik_benchmark-1] [INFO] [1769278473.695277753] [panda_ik_benchmark]: Loaded adapter 'default_planning_response_adapters/AddTimeOptimalParameterization'
[ik_benchmark-1] [INFO] [1769278473.695304401] [panda_ik_benchmark]: Try loading adapter 'default_planning_response_adapters/ValidateSolution'
[ik_benchmark-1] [INFO] [1769278473.696837346] [panda_ik_benchmark]: Loaded adapter 'default_planning_response_adapters/ValidateSolution'
[ik_benchmark-1] [INFO] [1769278473.696853309] [panda_ik_benchmark]: Try loading adapter 'default_planning_response_adapters/DisplayMotionPath'
[ik_benchmark-1] [INFO] [1769278473.697241117] [panda_ik_benchmark]: Loaded adapter 'default_planning_response_adapters/DisplayMotionPath'
[ik_benchmark-1] [INFO] [1769278473.728486527] [moveit_1326854911.moveit.plugins.simple_controller_manager]: Added FollowJointTrajectory controller for panda_arm_controller
[ik_benchmark-1] [INFO] [1769278473.728680920] [moveit_1326854911.moveit.plugins.simple_controller_manager]: Returned 1 controllers in list
[ik_benchmark-1] [INFO] [1769278473.728705099] [moveit_1326854911.moveit.plugins.simple_controller_manager]: Returned 1 controllers in list
[ik_benchmark-1] [INFO] [1769278473.729096221] [moveit_1326854911.moveit.ros.trajectory_execution_manager]: Trajectory execution is managing controllers
[ik_benchmark-1] [run] timestamp = 20260125_021433
[ik_benchmark-1] [run] data dir   = data/batch_data/np6/ns400/seed7/20260125_021433
[ik_benchmark-1] 
[ik_benchmark-1] [select] searching a solvable target for p1 ...
[ik_benchmark-1] [select] p1: (0.355, 0.056, 0.260) found 400/400 (trials_used=1) -> p1.json
[ik_benchmark-1] 
[ik_benchmark-1] [select] searching a solvable target for p2 ...
[ik_benchmark-1] [select] p2: (-0.003, 0.087, 0.482) found 400/400 (trials_used=1) -> p2.json
[ik_benchmark-1] 
[ik_benchmark-1] [select] searching a solvable target for p3 ...
[ik_benchmark-1] [select] p3: (0.304, 0.322, 0.557) found 400/400 (trials_used=1) -> p3.json
[ik_benchmark-1] 
[ik_benchmark-1] [select] searching a solvable target for p4 ...
[ik_benchmark-1] [select] p4: (-0.070, 0.030, 0.552) found 400/400 (trials_used=1) -> p4.json
[ik_benchmark-1] 
[ik_benchmark-1] [select] searching a solvable target for p5 ...
[ik_benchmark-1] [select] p5: (0.197, -0.204, 0.326) found 400/400 (trials_used=1) -> p5.json
[ik_benchmark-1] 
[ik_benchmark-1] [select] searching a solvable target for p6 ...
[ik_benchmark-1] [select] p6: (-0.177, -0.104, 0.578) found 400/400 (trials_used=1) -> p6.json
[ik_benchmark-1] 
[ik_benchmark-1] [search] greedy (local) ...
[ik_benchmark-1] 
[ik_benchmark-1] [search] global DP prefix-optimal (enumeration-equivalent) ...
[ik_benchmark-1] Traceback (most recent call last):
[ik_benchmark-1]   File "/home/cao/ws_moveit/install/panda_ik_benchmark/lib/panda_ik_benchmark/ik_benchmark", line 33, in <module>
[ik_benchmark-1]     sys.exit(load_entry_point('panda-ik-benchmark==0.1.0', 'console_scripts', 'ik_benchmark')())
[ik_benchmark-1]              ^^^^^^^^^^^^^^^^^^^^^^^^^^^^^^^^^^^^^^^^^^^^^^^^^^^^^^^^^^^^^^^^^^^^^^^^^^^^^^^^^^
[ik_benchmark-1]   File "/home/cao/ws_moveit/install/panda_ik_benchmark/lib/python3.12/site-packages/panda_ik_benchmark/scripts/run_benchmark.py", line 347, in main
[ik_benchmark-1]     dp_res, dp_prefix = global_optimal_prefix_dp(
[ik_benchmark-1]                         ^^^^^^^^^^^^^^^^^^^^^^^^^
[ik_benchmark-1]   File "/home/cao/ws_moveit/install/panda_ik_benchmark/lib/python3.12/site-packages/panda_ik_benchmark/planning/search.py", line 177, in global_optimal_prefix_dp
[ik_benchmark-1]     raise RuntimeError(
[ik_benchmark-1] RuntimeError: time_model=totg is too slow for DP at this scale (estimated edges=800000). Use --time-model trapezoid (recommended).
[ik_benchmark-1] [INFO] [1769278503.132853176] [moveit_1326854911.moveit.ros.moveit_cpp]: Deleting MoveItCpp
[ik_benchmark-1] [INFO] [1769278503.137674194] [moveit_1326854911.moveit.ros.planning_scene_monitor]: Stopped publishing maintained planning scene.
[ik_benchmark-1] [INFO] [1769278503.138230314] [moveit_1326854911.moveit.ros.planning_scene_monitor]: Stopping world geometry monitor
[ik_benchmark-1] [INFO] [1769278503.138381658] [moveit_1326854911.moveit.ros.planning_scene_monitor]: Stopping planning scene monitor
[ik_benchmark-1] Warning: class_loader.ClassLoader: SEVERE WARNING!!! Attempting to unload library while objects created by this loader exist in the heap! You should delete your objects before attempting to unload the library or destroying the ClassLoader. The library will NOT be unloaded.
[ik_benchmark-1]          at line 127 in ./src/class_loader.cpp
[ERROR] [ik_benchmark-1]: process has died [pid 36333, exit code 1, cmd '/home/cao/ws_moveit/install/panda_ik_benchmark/lib/panda_ik_benchmark/ik_benchmark --num-points 6 --seed 7 --group panda_arm --named-start ready --data-root data/batch_data/np6/ns400/seed7 --num-solutions 400 --num-spaces 10 --max-attempts 20000 --ik-timeout 0.1 --resample-max 200 --topup-passes 3 --precheck-attempts 1200 --precheck-num-spaces 8 --ws-x -0.75 0.75 --ws-y -0.55 0.55 --ws-z 0.05 0.85 --min-sep 0.06 --time-model totg --totg-vel-scale 1.0 --totg-acc-scale 1.0 --totg-path-tolerance 0.1 --totg-resample-dt 0.1 --totg-min-angle-change 0.001 --ros-args --params-file /tmp/launch_params_popob0wc'].
