CMD: ros2 launch panda_ik_benchmark ik_benchmark.launch.py num_points:=3 num_solutions:=250 seed:=9 time_model:=totg data_root:=/home/cao/ws_moveit/data/batch_runs/20260117_123008/np03_ns250_seed09

[INFO] [launch]: All log files can be found below /home/cao/.ros/log/2026-01-17-12-49-57-987821-mvt-4836
[INFO] [launch]: Default logging verbosity is set to INFO
[INFO] [ik_benchmark-1]: process started with pid [4839]
[ik_benchmark-1] [INFO] [1768654198.219460231] [moveit_2509158869.moveit.py.cpp_initializer]: Initialize rclcpp
[ik_benchmark-1] [INFO] [1768654198.219496105] [moveit_2509158869.moveit.py.cpp_initializer]: Initialize node parameters
[ik_benchmark-1] [INFO] [1768654198.219504229] [moveit_2509158869.moveit.py.cpp_initializer]: Initialize node and executor
[ik_benchmark-1] [INFO] [1768654198.222637197] [moveit_2509158869.moveit.py.cpp_initializer]: Spin separate thread
[ik_benchmark-1] [INFO] [1768654198.227084431] [moveit_2509158869.moveit.ros.rdf_loader]: Loaded robot model in 0.00423654 seconds
[ik_benchmark-1] [INFO] [1768654198.227118304] [moveit_2509158869.moveit.core.robot_model]: Loading robot model 'panda'...
[ik_benchmark-1] [INFO] [1768654198.235751953] [moveit_2509158869.moveit.kinematics.kdl_kinematics_plugin]: Joint weights for group 'panda_arm': 1 1 1 1 1 1 1
[ik_benchmark-1] [INFO] [1768654198.251976428] [moveit_2509158869.moveit.ros.planning_scene_monitor]: Publishing maintained planning scene on 'monitored_planning_scene'
[ik_benchmark-1] [INFO] [1768654198.252104046] [moveit_2509158869.moveit.ros.moveit_cpp]: Listening to 'joint_states' for joint states
[ik_benchmark-1] [INFO] [1768654198.252693600] [moveit_2509158869.moveit.ros.current_state_monitor]: Listening to joint states on topic 'joint_states'
[ik_benchmark-1] [INFO] [1768654198.252877007] [moveit_2509158869.moveit.ros.planning_scene_monitor]: Listening to '/attached_collision_object' for attached collision objects
[ik_benchmark-1] [INFO] [1768654198.252887507] [moveit_2509158869.moveit.ros.planning_scene_monitor]: Stopping existing planning scene publisher.
[ik_benchmark-1] [INFO] [1768654198.252990752] [moveit_2509158869.moveit.ros.planning_scene_monitor]: Stopped publishing maintained planning scene.
[ik_benchmark-1] [INFO] [1768654198.253180867] [moveit_2509158869.moveit.ros.planning_scene_monitor]: Publishing maintained planning scene on 'monitored_planning_scene'
[ik_benchmark-1] [INFO] [1768654198.253241281] [moveit_2509158869.moveit.ros.planning_scene_monitor]: Starting planning scene monitor
[ik_benchmark-1] [INFO] [1768654198.253523766] [moveit_2509158869.moveit.ros.planning_scene_monitor]: Listening to '/planning_scene'
[ik_benchmark-1] [INFO] [1768654198.253534766] [moveit_2509158869.moveit.ros.planning_scene_monitor]: Starting world geometry update monitor for collision objects, attached objects, octomap updates.
[ik_benchmark-1] [INFO] [1768654198.253666968] [moveit_2509158869.moveit.ros.planning_scene_monitor]: Listening to 'collision_object'
[ik_benchmark-1] [INFO] [1768654198.253794794] [moveit_2509158869.moveit.ros.planning_scene_monitor]: Listening to 'planning_scene_world' for planning scene world geometry
[ik_benchmark-1] [WARN] [1768654198.254290769] [moveit_2509158869.moveit.ros.occupancy_map_monitor]: Resolution not specified for Octomap. Assuming resolution = 0.1 instead
[ik_benchmark-1] [ERROR] [1768654198.254313268] [moveit_2509158869.moveit.ros.occupancy_map_monitor]: No 3D sensor plugin(s) defined for octomap updates
[ik_benchmark-1] [INFO] [1768654198.262060087] [moveit_2509158869.moveit.ros.planning_pipeline]: Successfully loaded planner 'OMPL'
[ik_benchmark-1] [INFO] [1768654198.263560761] [panda_ik_benchmark]: Try loading adapter 'default_planning_request_adapters/ResolveConstraintFrames'
[ik_benchmark-1] [INFO] [1768654198.264102817] [panda_ik_benchmark]: Loaded adapter 'default_planning_request_adapters/ResolveConstraintFrames'
[ik_benchmark-1] [INFO] [1768654198.264113150] [panda_ik_benchmark]: Try loading adapter 'default_planning_request_adapters/ValidateWorkspaceBounds'
[ik_benchmark-1] [INFO] [1768654198.264204145] [panda_ik_benchmark]: Loaded adapter 'default_planning_request_adapters/ValidateWorkspaceBounds'
[ik_benchmark-1] [INFO] [1768654198.264210437] [panda_ik_benchmark]: Try loading adapter 'default_planning_request_adapters/CheckStartStateBounds'
[ik_benchmark-1] [INFO] [1768654198.264223269] [panda_ik_benchmark]: Loaded adapter 'default_planning_request_adapters/CheckStartStateBounds'
[ik_benchmark-1] [INFO] [1768654198.264225561] [panda_ik_benchmark]: Try loading adapter 'default_planning_request_adapters/CheckStartStateCollision'
[ik_benchmark-1] [INFO] [1768654198.264231477] [panda_ik_benchmark]: Loaded adapter 'default_planning_request_adapters/CheckStartStateCollision'
[ik_benchmark-1] [INFO] [1768654198.265696945] [panda_ik_benchmark]: Try loading adapter 'default_planning_response_adapters/AddTimeOptimalParameterization'
[ik_benchmark-1] [INFO] [1768654198.266636231] [panda_ik_benchmark]: Loaded adapter 'default_planning_response_adapters/AddTimeOptimalParameterization'
[ik_benchmark-1] [INFO] [1768654198.266643523] [panda_ik_benchmark]: Try loading adapter 'default_planning_response_adapters/ValidateSolution'
[ik_benchmark-1] [INFO] [1768654198.267504021] [panda_ik_benchmark]: Loaded adapter 'default_planning_response_adapters/ValidateSolution'
[ik_benchmark-1] [INFO] [1768654198.267513520] [panda_ik_benchmark]: Try loading adapter 'default_planning_response_adapters/DisplayMotionPath'
[ik_benchmark-1] [INFO] [1768654198.267721260] [panda_ik_benchmark]: Loaded adapter 'default_planning_response_adapters/DisplayMotionPath'
[ik_benchmark-1] [INFO] [1768654198.283584711] [moveit_2509158869.moveit.plugins.simple_controller_manager]: Added FollowJointTrajectory controller for panda_arm_controller
[ik_benchmark-1] [INFO] [1768654198.283684956] [moveit_2509158869.moveit.plugins.simple_controller_manager]: Returned 1 controllers in list
[ik_benchmark-1] [INFO] [1768654198.283697706] [moveit_2509158869.moveit.plugins.simple_controller_manager]: Returned 1 controllers in list
[ik_benchmark-1] [INFO] [1768654198.283914778] [moveit_2509158869.moveit.ros.trajectory_execution_manager]: Trajectory execution is managing controllers
[ik_benchmark-1] [INFO] [1768654267.025375573] [moveit_2509158869.moveit.ros.moveit_cpp]: Deleting MoveItCpp
[ik_benchmark-1] [INFO] [1768654267.028768491] [moveit_2509158869.moveit.ros.planning_scene_monitor]: Stopped publishing maintained planning scene.
[ik_benchmark-1] [INFO] [1768654267.029149885] [moveit_2509158869.moveit.ros.planning_scene_monitor]: Stopping world geometry monitor
[ik_benchmark-1] [INFO] [1768654267.029251307] [moveit_2509158869.moveit.ros.planning_scene_monitor]: Stopping planning scene monitor
[ik_benchmark-1] Warning: class_loader.ClassLoader: SEVERE WARNING!!! Attempting to unload library while objects created by this loader exist in the heap! You should delete your objects before attempting to unload the library or destroying the ClassLoader. The library will NOT be unloaded.
[ik_benchmark-1]          at line 127 in ./src/class_loader.cpp
[ik_benchmark-1] [run] timestamp = 20260117_124958
[ik_benchmark-1] [run] data dir   = /home/cao/ws_moveit/data/batch_runs/20260117_123008/np03_ns250_seed09/20260117_124958
[ik_benchmark-1] 
[ik_benchmark-1] [select] searching a solvable target for p1 ...
[ik_benchmark-1] [select] p1: (0.339, 0.031, 0.055) found 250/250 (trials_used=1) -> p1.json
[ik_benchmark-1] 
[ik_benchmark-1] [select] searching a solvable target for p2 ...
[ik_benchmark-1] [select] p2: (-0.472, -0.256, 0.490) found 250/250 (trials_used=1) -> p2.json
[ik_benchmark-1] 
[ik_benchmark-1] [select] searching a solvable target for p3 ...
[ik_benchmark-1] [select] p3: (0.086, -0.061, 0.466) found 250/250 (trials_used=1) -> p3.json
[ik_benchmark-1] 
[ik_benchmark-1] [search] greedy baseline ...
[ik_benchmark-1] [search] greedy summary -> summary_tradition.json
[ik_benchmark-1] 
[ik_benchmark-1] [search] global optimal (DP, enumeration-equivalent) ...
[ik_benchmark-1] [search] global summary -> summary_enumeration.json
[ik_benchmark-1] 
[ik_benchmark-1] [done] bye.
[INFO] [ik_benchmark-1]: process has finished cleanly [pid 4839]
