CMD: ros2 launch panda_ik_benchmark ik_benchmark.launch.py num_points:=2 num_solutions:=300 seed:=11 time_model:=totg data_root:=/home/cao/ws_moveit/data/batch_runs/20260116_045950/np02_ns300_seed11

[INFO] [launch]: All log files can be found below /home/cao/.ros/log/2026-01-16-05-10-37-484918-mvt-14694
[INFO] [launch]: Default logging verbosity is set to INFO
[INFO] [ik_benchmark-1]: process started with pid [14697]
[ik_benchmark-1] [INFO] [1768540237.728821870] [moveit_2129747073.moveit.py.cpp_initializer]: Initialize rclcpp
[ik_benchmark-1] [INFO] [1768540237.728877493] [moveit_2129747073.moveit.py.cpp_initializer]: Initialize node parameters
[ik_benchmark-1] [INFO] [1768540237.728885242] [moveit_2129747073.moveit.py.cpp_initializer]: Initialize node and executor
[ik_benchmark-1] [INFO] [1768540237.732198771] [moveit_2129747073.moveit.py.cpp_initializer]: Spin separate thread
[ik_benchmark-1] [INFO] [1768540237.734385972] [moveit_2129747073.moveit.ros.rdf_loader]: Loaded robot model in 0.00208104 seconds
[ik_benchmark-1] [INFO] [1768540237.734408679] [moveit_2129747073.moveit.core.robot_model]: Loading robot model 'panda'...
[ik_benchmark-1] [INFO] [1768540237.740691793] [moveit_2129747073.moveit.kinematics.kdl_kinematics_plugin]: Joint weights for group 'panda_arm': 1 1 1 1 1 1 1
[ik_benchmark-1] [INFO] [1768540237.758351018] [moveit_2129747073.moveit.ros.planning_scene_monitor]: Publishing maintained planning scene on 'monitored_planning_scene'
[ik_benchmark-1] [INFO] [1768540237.758442430] [moveit_2129747073.moveit.ros.moveit_cpp]: Listening to 'joint_states' for joint states
[ik_benchmark-1] [INFO] [1768540237.759028948] [moveit_2129747073.moveit.ros.current_state_monitor]: Listening to joint states on topic 'joint_states'
[ik_benchmark-1] [INFO] [1768540237.759193608] [moveit_2129747073.moveit.ros.planning_scene_monitor]: Listening to '/attached_collision_object' for attached collision objects
[ik_benchmark-1] [INFO] [1768540237.759203857] [moveit_2129747073.moveit.ros.planning_scene_monitor]: Stopping existing planning scene publisher.
[ik_benchmark-1] [INFO] [1768540237.759290729] [moveit_2129747073.moveit.ros.planning_scene_monitor]: Stopped publishing maintained planning scene.
[ik_benchmark-1] [INFO] [1768540237.759397599] [moveit_2129747073.moveit.ros.planning_scene_monitor]: Publishing maintained planning scene on 'monitored_planning_scene'
[ik_benchmark-1] [INFO] [1768540237.759462055] [moveit_2129747073.moveit.ros.planning_scene_monitor]: Starting planning scene monitor
[ik_benchmark-1] [INFO] [1768540237.759704253] [moveit_2129747073.moveit.ros.planning_scene_monitor]: Listening to '/planning_scene'
[ik_benchmark-1] [INFO] [1768540237.759715169] [moveit_2129747073.moveit.ros.planning_scene_monitor]: Starting world geometry update monitor for collision objects, attached objects, octomap updates.
[ik_benchmark-1] [INFO] [1768540237.759840956] [moveit_2129747073.moveit.ros.planning_scene_monitor]: Listening to 'collision_object'
[ik_benchmark-1] [INFO] [1768540237.759982991] [moveit_2129747073.moveit.ros.planning_scene_monitor]: Listening to 'planning_scene_world' for planning scene world geometry
[ik_benchmark-1] [WARN] [1768540237.760475096] [moveit_2129747073.moveit.ros.occupancy_map_monitor]: Resolution not specified for Octomap. Assuming resolution = 0.1 instead
[ik_benchmark-1] [ERROR] [1768540237.760497845] [moveit_2129747073.moveit.ros.occupancy_map_monitor]: No 3D sensor plugin(s) defined for octomap updates
[ik_benchmark-1] [INFO] [1768540237.768109237] [moveit_2129747073.moveit.ros.planning_pipeline]: Successfully loaded planner 'OMPL'
[ik_benchmark-1] [INFO] [1768540237.769553594] [panda_ik_benchmark]: Try loading adapter 'default_planning_request_adapters/ResolveConstraintFrames'
[ik_benchmark-1] [INFO] [1768540237.770074280] [panda_ik_benchmark]: Loaded adapter 'default_planning_request_adapters/ResolveConstraintFrames'
[ik_benchmark-1] [INFO] [1768540237.770085197] [panda_ik_benchmark]: Try loading adapter 'default_planning_request_adapters/ValidateWorkspaceBounds'
[ik_benchmark-1] [INFO] [1768540237.770163818] [panda_ik_benchmark]: Loaded adapter 'default_planning_request_adapters/ValidateWorkspaceBounds'
[ik_benchmark-1] [INFO] [1768540237.770167276] [panda_ik_benchmark]: Try loading adapter 'default_planning_request_adapters/CheckStartStateBounds'
[ik_benchmark-1] [INFO] [1768540237.770178734] [panda_ik_benchmark]: Loaded adapter 'default_planning_request_adapters/CheckStartStateBounds'
[ik_benchmark-1] [INFO] [1768540237.770181359] [panda_ik_benchmark]: Try loading adapter 'default_planning_request_adapters/CheckStartStateCollision'
[ik_benchmark-1] [INFO] [1768540237.770187442] [panda_ik_benchmark]: Loaded adapter 'default_planning_request_adapters/CheckStartStateCollision'
[ik_benchmark-1] [INFO] [1768540237.771559719] [panda_ik_benchmark]: Try loading adapter 'default_planning_response_adapters/AddTimeOptimalParameterization'
[ik_benchmark-1] [INFO] [1768540237.772515387] [panda_ik_benchmark]: Loaded adapter 'default_planning_response_adapters/AddTimeOptimalParameterization'
[ik_benchmark-1] [INFO] [1768540237.772524304] [panda_ik_benchmark]: Try loading adapter 'default_planning_response_adapters/ValidateSolution'
[ik_benchmark-1] [INFO] [1768540237.773370393] [panda_ik_benchmark]: Loaded adapter 'default_planning_response_adapters/ValidateSolution'
[ik_benchmark-1] [INFO] [1768540237.773381060] [panda_ik_benchmark]: Try loading adapter 'default_planning_response_adapters/DisplayMotionPath'
[ik_benchmark-1] [INFO] [1768540237.773572885] [panda_ik_benchmark]: Loaded adapter 'default_planning_response_adapters/DisplayMotionPath'
[ik_benchmark-1] [INFO] [1768540237.789690882] [moveit_2129747073.moveit.plugins.simple_controller_manager]: Added FollowJointTrajectory controller for panda_arm_controller
[ik_benchmark-1] [INFO] [1768540237.789821001] [moveit_2129747073.moveit.plugins.simple_controller_manager]: Returned 1 controllers in list
[ik_benchmark-1] [INFO] [1768540237.789836959] [moveit_2129747073.moveit.plugins.simple_controller_manager]: Returned 1 controllers in list
[ik_benchmark-1] [INFO] [1768540237.790091615] [moveit_2129747073.moveit.ros.trajectory_execution_manager]: Trajectory execution is managing controllers
